[0.033s] Invoking command in '/home/dworf/And/build/factarial': CMAKE_PREFIX_PATH=${CMAKE_PREFIX_PATH}:/home/dworf/test/install/drontest:/home/dworf/Firmware2/install/aerobot_gz_sim:/home/dworf/PinkDemon/install/pink_demon:/opt/ros/humble /usr/bin/cmake --build /home/dworf/And/build/factarial -- -j16 -l16
[0.094s] -- Found ament_cmake: 1.3.10 (/opt/ros/humble/share/ament_cmake/cmake)
[0.398s] -- Found rclcpp: 16.0.10 (/opt/ros/humble/share/rclcpp/cmake)
[0.475s] -- Found rosidl_generator_c: 3.1.5 (/opt/ros/humble/share/rosidl_generator_c/cmake)
[0.482s] -- Found rosidl_adapter: 3.1.5 (/opt/ros/humble/share/rosidl_adapter/cmake)
[0.497s] -- Found rosidl_generator_cpp: 3.1.5 (/opt/ros/humble/share/rosidl_generator_cpp/cmake)
[0.523s] -- Using all available rosidl_typesupport_c: rosidl_typesupport_fastrtps_c;rosidl_typesupport_introspection_c
[0.556s] -- Using all available rosidl_typesupport_cpp: rosidl_typesupport_fastrtps_cpp;rosidl_typesupport_introspection_cpp
[0.639s] -- Found rmw_implementation_cmake: 6.1.2 (/opt/ros/humble/share/rmw_implementation_cmake/cmake)
[0.643s] -- Found rmw_cyclonedds_cpp: 1.3.4 (/opt/ros/humble/share/rmw_cyclonedds_cpp/cmake)
[0.689s] -- Using RMW implementation 'rmw_cyclonedds_cpp' as default
[0.812s] -- Found test_msgs: 0.0.0 (/home/dworf/test/install/test_msgs/share/test_msgs/cmake)
[0.844s] -- Found ament_lint_auto: 0.12.11 (/opt/ros/humble/share/ament_lint_auto/cmake)
[1.013s] -- Added test 'cppcheck' to perform static code analysis on C / C++ code
[1.014s] -- Configured cppcheck include dirs: 
[1.014s] -- Configured cppcheck exclude dirs and/or files: 
[1.015s] -- Added test 'lint_cmake' to check CMake code style
[1.018s] -- Added test 'uncrustify' to check C / C++ code style
[1.018s] -- Configured uncrustify additional arguments: 
[1.019s] -- Added test 'xmllint' to check XML markup files
[1.021s] -- Configuring done
[1.068s] -- Generating done
[1.074s] -- Build files have been written to: /home/dworf/And/build/factarial
[1.140s] [35m[1mConsolidate compiler generated dependencies of target fact_cln[0m
[1.140s] [35m[1mConsolidate compiler generated dependencies of target fact_srv[0m
[1.167s] [ 25%] [32mBuilding CXX object CMakeFiles/client.dir/src/client.cpp.o[0m
[1.167s] [ 25%] [32mBuilding CXX object CMakeFiles/service.dir/src/service.cpp.o[0m
[1.189s] [ 50%] Built target fact_cln
[1.190s] [ 75%] Built target fact_srv
[1.827s] [01m[K/home/dworf/And/src/factarial/src/service.cpp:2:10:[m[K [01;31m[Kfatal error: [m[Ktest_msgs/srv/add_two_ints.hpp: No such file or directory
[1.827s]     2 | #include [01;31m[K"test_msgs/srv/add_two_ints.hpp"[m[K
[1.827s]       |          [01;31m[K^~~~~~~~~~~~~~~~~~~~~~~~~~~~~~~~[m[K
[1.828s] compilation terminated.
[1.831s] [01m[K/home/dworf/And/src/factarial/src/client.cpp:2:10:[m[K [01;31m[Kfatal error: [m[Ktest_msgs/srv/add_two_ints.hpp: No such file or directory
[1.832s]     2 | #include [01;31m[K"test_msgs/srv/add_two_ints.hpp"[m[K
[1.832s]       |          [01;31m[K^~~~~~~~~~~~~~~~~~~~~~~~~~~~~~~~[m[K
[1.832s] compilation terminated.
[1.842s] gmake[2]: *** [CMakeFiles/client.dir/build.make:76: CMakeFiles/client.dir/src/client.cpp.o] Error 1
[1.842s] gmake[2]: *** [CMakeFiles/service.dir/build.make:76: CMakeFiles/service.dir/src/service.cpp.o] Error 1
[1.843s] gmake[1]: *** [CMakeFiles/Makefile2:195: CMakeFiles/client.dir/all] Error 2
[1.843s] gmake[1]: *** Waiting for unfinished jobs....
[1.843s] gmake[1]: *** [CMakeFiles/Makefile2:221: CMakeFiles/service.dir/all] Error 2
[1.843s] gmake: *** [Makefile:146: all] Error 2
[1.849s] Invoked command in '/home/dworf/And/build/factarial' returned '2': CMAKE_PREFIX_PATH=${CMAKE_PREFIX_PATH}:/home/dworf/test/install/drontest:/home/dworf/Firmware2/install/aerobot_gz_sim:/home/dworf/PinkDemon/install/pink_demon:/opt/ros/humble /usr/bin/cmake --build /home/dworf/And/build/factarial -- -j16 -l16
